*** Error 1 "3310.c" Line 1(1,2): Illegal C character in input file  0x19
*** Error 1 "3310.c" Line 1(1,2): Illegal C character in input file  0x18
*** Error 1 "3310.c" Line 1(1,2): Illegal C character in input file  0x17
*** Error 1 "3310.c" Line 1(1,2): Illegal C character in input file  0x16
*** Error 1 "3310.c" Line 1(1,2): Illegal C character in input file  0x15
*** Error 1 "3310.c" Line 1(1,2): Illegal C character in input file  0x14
*** Error 1 "3310.c" Line 1(1,2): Illegal C character in input file  0x13
*** Error 1 "3310.c" Line 1(1,2): Illegal C character in input file  0x12
*** Error 1 "3310.c" Line 1(1,2): Illegal C character in input file  0x11
*** Error 1 "3310.c" Line 1(1,2): Illegal C character in input file  0x10
*** Error 1 "3310.c" Line 1(1,2): Illegal C character in input file  0x0F
*** Error 1 "3310.c" Line 1(1,2): Illegal C character in input file  0x0E
*** Error 1 "3310.c" Line 1(0,1): Illegal C character in input file  0x0C
*** Error 1 "3310.c" Line 1(0,1): Illegal C character in input file  0x0B
*** Error 1 "3310.c" Line 2(0,1): Illegal C character in input file  0x08
*** Error 1 "3310.c" Line 2(0,1): Illegal C character in input file  0x07
*** Error 1 "3310.c" Line 2(0,1): Illegal C character in input file  0x06
*** Error 1 "3310.c" Line 2(0,1): Illegal C character in input file  0x05
*** Error 1 "3310.c" Line 2(0,1): Illegal C character in input file  0x04
*** Error 1 "3310.c" Line 2(0,1): Illegal C character in input file  0x03
*** Error 1 "3310.c" Line 2(0,1): Illegal C character in input file  0x02
*** Error 1 "3310.c" Line 2(0,1): Illegal C character in input file  0x01
*** Error 1 "3310.c" Line 2(0,1): Illegal C character in input file  0x00
*** Error 1 "3310.c" Line 2(0,1): Illegal C character in input file  0xFF
*** Error 1 "3310.c" Line 2(0,1): Illegal C character in input file  0xFE
*** Error 1 "3310.c" Line 2(0,1): Illegal C character in input file  0xFD
*** Error 1 "3310.c" Line 2(0,1): Illegal C character in input file  0xFC
*** Error 1 "3310.c" Line 2(0,1): Illegal C character in input file  0xFB
*** Error 1 "3310.c" Line 2(0,1): Illegal C character in input file  0xFA
*** Error 1 "3310.c" Line 2(0,1): Illegal C character in input file  0xF9
*** Error 1 "3310.c" Line 2(0,1): Illegal C character in input file  0xF8
*** Error 1 "3310.c" Line 2(0,1): Illegal C character in input file  0xF7
*** Error 1 "3310.c" Line 2(0,1): Illegal C character in input file  0xF6
*** Error 1 "3310.c" Line 2(0,1): Illegal C character in input file  0xF5
*** Error 1 "3310.c" Line 2(0,1): Illegal C character in input file  0xF4
*** Error 1 "3310.c" Line 2(0,1): Illegal C character in input file  0xF3
*** Error 1 "3310.c" Line 2(0,1): Illegal C character in input file  0xF2
*** Error 1 "3310.c" Line 2(0,1): Illegal C character in input file  0xF1
*** Error 1 "3310.c" Line 2(0,1): Illegal C character in input file  0xF0
*** Error 1 "3310.c" Line 2(0,1): Illegal C character in input file  0xEF
*** Error 1 "3310.c" Line 2(0,1): Illegal C character in input file  0xEE
*** Error 1 "3310.c" Line 2(0,1): Illegal C character in input file  0xED
*** Error 1 "3310.c" Line 2(0,1): Illegal C character in input file  0xEC
*** Error 1 "3310.c" Line 2(0,1): Illegal C character in input file  0xEB
*** Error 1 "3310.c" Line 2(0,1): Illegal C character in input file  0xEA
*** Error 1 "3310.c" Line 2(0,1): Illegal C character in input file  0xE9
*** Error 1 "3310.c" Line 2(0,1): Illegal C character in input file  0xE8
*** Error 1 "3310.c" Line 2(0,1): Illegal C character in input file  0xE7
*** Error 1 "3310.c" Line 2(0,1): Illegal C character in input file  0xE6
*** Error 1 "3310.c" Line 2(0,1): Illegal C character in input file  0xE5
*** Error 1 "3310.c" Line 2(0,1): Illegal C character in input file  0xE4
*** Error 1 "3310.c" Line 2(0,1): Illegal C character in input file  0xE3
*** Error 1 "3310.c" Line 2(0,1): Illegal C character in input file  0xE2
*** Error 1 "3310.c" Line 2(0,1): Illegal C character in input file  0xE1
*** Error 1 "3310.c" Line 2(0,1): Illegal C character in input file  0xE0
*** Error 1 "3310.c" Line 2(0,1): Illegal C character in input file  0xDF
*** Error 1 "3310.c" Line 2(0,1): Illegal C character in input file  0xDE
*** Error 1 "3310.c" Line 2(0,1): Illegal C character in input file  0xDD
*** Error 1 "3310.c" Line 2(0,1): Illegal C character in input file  0xDC
*** Error 1 "3310.c" Line 2(0,1): Illegal C character in input file  0xDB
*** Error 1 "3310.c" Line 2(0,1): Illegal C character in input file  0xDA
*** Error 1 "3310.c" Line 2(0,1): Illegal C character in input file  0xD9
*** Error 1 "3310.c" Line 2(0,1): Illegal C character in input file  0xD8
*** Error 1 "3310.c" Line 2(0,1): Illegal C character in input file  0xD7
*** Error 1 "3310.c" Line 2(0,1): Illegal C character in input file  0xD6
*** Error 1 "3310.c" Line 2(0,1): Illegal C character in input file  0xD5
*** Error 1 "3310.c" Line 2(0,1): Illegal C character in input file  0xD4
*** Error 1 "3310.c" Line 2(0,1): Illegal C character in input file  0xD3
*** Error 1 "3310.c" Line 2(0,1): Illegal C character in input file  0xD2
*** Error 1 "3310.c" Line 2(0,1): Illegal C character in input file  0xD1
*** Error 1 "3310.c" Line 2(0,1): Illegal C character in input file  0xD0
*** Error 1 "3310.c" Line 2(0,1): Illegal C character in input file  0xCF
*** Error 1 "3310.c" Line 2(0,1): Illegal C character in input file  0xCE
*** Error 1 "3310.c" Line 2(0,1): Illegal C character in input file  0xCD
*** Error 1 "3310.c" Line 2(0,1): Illegal C character in input file  0xCC
*** Error 1 "3310.c" Line 2(0,1): Illegal C character in input file  0xCB
*** Error 1 "3310.c" Line 2(0,1): Illegal C character in input file  0xCA
*** Error 1 "3310.c" Line 2(0,1): Illegal C character in input file  0xA7
*** Error 1 "3310.c" Line 2(0,1): Illegal C character in input file  0xA3
*** Error 1 "3310.c" Line 2(0,1): Illegal C character in input file  0xC7
*** Error 1 "3310.c" Line 2(0,1): Illegal C character in input file  0xC1
*** Error 1 "3310.c" Line 2(0,1): Illegal C character in input file  0xA3
*** Error 1 "3310.c" Line 2(0,1): Illegal C character in input file  0x9F
*** Error 1 "3310.c" Line 2(0,1): Illegal C character in input file  0xB4
*** Error 1 "3310.c" Line 2(0,1): Illegal C character in input file  0xB3
*** Error 1 "3310.c" Line 2(0,1): Illegal C character in input file  0xB2
*** Error 1 "3310.c" Line 2(0,1): Illegal C character in input file  0xB1
*** Error 1 "3310.c" Line 2(0,1): Illegal C character in input file  0xB0
*** Error 1 "3310.c" Line 2(0,1): Illegal C character in input file  0xAF
*** Error 1 "3310.c" Line 2(0,1): Illegal C character in input file  0xAE
*** Error 1 "3310.c" Line 2(0,1): Illegal C character in input file  0xAD
*** Error 1 "3310.c" Line 2(0,1): Illegal C character in input file  0xAC
*** Error 1 "3310.c" Line 2(0,1): Illegal C character in input file  0xAB
*** Error 1 "3310.c" Line 2(0,1): Illegal C character in input file  0xAA
*** Error 1 "3310.c" Line 2(0,1): Illegal C character in input file  0xA9
*** Error 1 "3310.c" Line 2(0,1): Illegal C character in input file  0xA8
*** Error 1 "3310.c" Line 2(0,1): Illegal C character in input file  0xA7
*** Error 1 "3310.c" Line 2(0,1): Illegal C character in input file  0xA6
*** Error 1 "3310.c" Line 2(0,1): Illegal C character in input file  0xA5
*** Error 1 "3310.c" Line 2(0,1): Illegal C character in input file  0xA4
*** Error 1 "3310.c" Line 2(0,1): Illegal C character in input file  0xA3
C:\Users\NGUYEN DUY LINH\Desktop\NOKIA5110\5110lib\3310.o ===>  137 Errors,  0 Warnings.
Build Failed.
